08-02-2016 @ 12:23:37 - Queuing 2.4.0 - wc_update_240_options
08-02-2016 @ 12:23:37 - Queuing 2.4.0 - wc_update_240_shipping_methods
08-02-2016 @ 12:23:37 - Queuing 2.4.0 - wc_update_240_api_keys
08-02-2016 @ 12:23:37 - Queuing 2.4.0 - wc_update_240_webhooks
08-02-2016 @ 12:23:37 - Queuing 2.4.0 - wc_update_240_refunds
08-02-2016 @ 12:23:37 - Queuing 2.4.0 - wc_update_240_db_version
08-02-2016 @ 12:23:37 - Queuing 2.4.1 - wc_update_241_variations
08-02-2016 @ 12:23:37 - Queuing 2.4.1 - wc_update_241_db_version
08-02-2016 @ 12:23:37 - Queuing 2.5.0 - wc_update_250_currency
08-02-2016 @ 12:23:37 - Queuing 2.5.0 - wc_update_250_db_version
08-02-2016 @ 12:23:37 - Queuing 2.6.0 - wc_update_260_options
08-02-2016 @ 12:23:37 - Queuing 2.6.0 - wc_update_260_termmeta
08-02-2016 @ 12:23:37 - Queuing 2.6.0 - wc_update_260_zones
08-02-2016 @ 12:23:37 - Queuing 2.6.0 - wc_update_260_zone_methods
08-02-2016 @ 12:23:37 - Queuing 2.6.0 - wc_update_260_refunds
08-02-2016 @ 12:23:37 - Queuing 2.6.0 - wc_update_260_db_version
08-02-2016 @ 12:23:38 - Running wc_update_240_options callback
08-02-2016 @ 12:23:38 - Finished wc_update_240_options callback
08-02-2016 @ 12:23:38 - Running wc_update_240_shipping_methods callback
08-02-2016 @ 12:23:38 - Finished wc_update_240_shipping_methods callback
08-02-2016 @ 12:23:38 - Running wc_update_240_api_keys callback
08-02-2016 @ 12:23:38 - Finished wc_update_240_api_keys callback
08-02-2016 @ 12:23:38 - Running wc_update_240_webhooks callback
08-02-2016 @ 12:23:38 - Finished wc_update_240_webhooks callback
08-02-2016 @ 12:23:38 - Running wc_update_240_refunds callback
08-02-2016 @ 12:23:38 - Finished wc_update_240_refunds callback
08-02-2016 @ 12:23:38 - Running wc_update_240_db_version callback
08-02-2016 @ 12:23:38 - Finished wc_update_240_db_version callback
08-02-2016 @ 12:23:38 - Running wc_update_241_variations callback
08-02-2016 @ 12:23:38 - Finished wc_update_241_variations callback
08-02-2016 @ 12:23:38 - Running wc_update_241_db_version callback
08-02-2016 @ 12:23:38 - Finished wc_update_241_db_version callback
08-02-2016 @ 12:23:38 - Running wc_update_250_currency callback
08-02-2016 @ 12:23:38 - Unable to dispatch WooCommerce updater: Operation timed out after 1000 milliseconds with 0 bytes received
08-02-2016 @ 12:23:38 - Finished wc_update_250_currency callback
08-02-2016 @ 12:23:38 - Running wc_update_250_db_version callback
08-02-2016 @ 12:23:38 - Finished wc_update_250_db_version callback
08-02-2016 @ 12:23:38 - Running wc_update_260_options callback
08-02-2016 @ 12:23:38 - Finished wc_update_260_options callback
08-02-2016 @ 12:23:38 - Running wc_update_260_termmeta callback
08-02-2016 @ 12:23:38 - Finished wc_update_260_termmeta callback
08-02-2016 @ 12:23:38 - Running wc_update_260_zones callback
08-02-2016 @ 12:23:38 - Finished wc_update_260_zones callback
08-02-2016 @ 12:23:38 - Running wc_update_260_zone_methods callback
08-02-2016 @ 12:23:38 - Finished wc_update_260_zone_methods callback
08-02-2016 @ 12:23:38 - Running wc_update_260_refunds callback
08-02-2016 @ 12:23:38 - Finished wc_update_260_refunds callback
08-02-2016 @ 12:23:38 - Running wc_update_260_db_version callback
08-02-2016 @ 12:23:38 - Finished wc_update_260_db_version callback
08-02-2016 @ 12:23:38 - Data update complete
